<?xml version="1.0" encoding="UTF-8"?>
<!-- Generated by org.testng.reporters.JUnitXMLReporter -->
<testsuite ignored="0" hostname="LAPTOP-NO7ESUVE" failures="0" tests="6" name="Default test" time="33.895" errors="0" timestamp="2024-04-16T20:23:26 EDT">
  <testcase classname="com.training.testcases.loginTest" name="Invaliusernameandpassword" time="1.301"/>
  <testcase classname="com.training.testcases.loginTest" name="Login" time="2.657"/>
  <testcase classname="com.training.testcases.loginTest" name="Remembercheckbox" time="4.243"/>
  <testcase classname="com.training.testcases.loginTest" name="clickonusername" time="3.378"/>
  <testcase classname="com.training.testcases.loginTest" name="forgotpassword" time="0.491"/>
  <testcase classname="com.training.testcases.loginTest" name="passwordInvalid" time="0.647"/>
</testsuite> <!-- Default test -->
