<?xml version="1.0" encoding="UTF-8"?>
<testng-results ignored="0" total="6" passed="6" failed="0" skipped="0">
  <reporter-output>
  </reporter-output>
  <suite started-at="2024-04-16T20:22:52 EDT" name="Default suite" finished-at="2024-04-16T20:23:26 EDT" duration-ms="33895">
    <groups>
    </groups>
    <test started-at="2024-04-16T20:22:52 EDT" name="Default test" finished-at="2024-04-16T20:23:26 EDT" duration-ms="33895">
      <class name="com.training.testcases.loginTest">
        <test-method is-config="true" signature="beforeMethod()[pri:0, instance:com.training.testcases.loginTest@498d318c]" started-at="2024-04-16T20:22:52 EDT" name="beforeMethod" finished-at="2024-04-16T20:22:59 EDT" duration-ms="7126" status="PASS">
          <reporter-output>
          </reporter-output>
        </test-method> <!-- beforeMethod -->
        <test-method signature="Invaliusernameandpassword()[pri:0, instance:com.training.testcases.loginTest@498d318c]" started-at="2024-04-16T20:22:59 EDT" name="Invaliusernameandpassword" finished-at="2024-04-16T20:23:01 EDT" duration-ms="1301" status="PASS">
          <reporter-output>
          </reporter-output>
        </test-method> <!-- Invaliusernameandpassword -->
        <test-method is-config="true" signature="teardown()[pri:0, instance:com.training.testcases.loginTest@498d318c]" started-at="2024-04-16T20:23:01 EDT" name="teardown" finished-at="2024-04-16T20:23:01 EDT" duration-ms="361" status="PASS">
          <reporter-output>
          </reporter-output>
        </test-method> <!-- teardown -->
        <test-method is-config="true" signature="beforeMethod()[pri:0, instance:com.training.testcases.loginTest@498d318c]" started-at="2024-04-16T20:23:01 EDT" name="beforeMethod" finished-at="2024-04-16T20:23:04 EDT" duration-ms="3512" status="PASS">
          <reporter-output>
          </reporter-output>
        </test-method> <!-- beforeMethod -->
        <test-method signature="Login()[pri:0, instance:com.training.testcases.loginTest@498d318c]" started-at="2024-04-16T20:23:04 EDT" name="Login" finished-at="2024-04-16T20:23:07 EDT" duration-ms="2657" status="PASS">
          <reporter-output>
          </reporter-output>
        </test-method> <!-- Login -->
        <test-method is-config="true" signature="teardown()[pri:0, instance:com.training.testcases.loginTest@498d318c]" started-at="2024-04-16T20:23:07 EDT" name="teardown" finished-at="2024-04-16T20:23:09 EDT" duration-ms="1762" status="PASS">
          <reporter-output>
          </reporter-output>
        </test-method> <!-- teardown -->
        <test-method is-config="true" signature="beforeMethod()[pri:0, instance:com.training.testcases.loginTest@498d318c]" started-at="2024-04-16T20:23:09 EDT" name="beforeMethod" finished-at="2024-04-16T20:23:11 EDT" duration-ms="1893" status="PASS">
          <reporter-output>
          </reporter-output>
        </test-method> <!-- beforeMethod -->
        <test-method signature="Remembercheckbox()[pri:0, instance:com.training.testcases.loginTest@498d318c]" started-at="2024-04-16T20:23:11 EDT" name="Remembercheckbox" finished-at="2024-04-16T20:23:15 EDT" duration-ms="4243" status="PASS">
          <reporter-output>
          </reporter-output>
        </test-method> <!-- Remembercheckbox -->
        <test-method is-config="true" signature="teardown()[pri:0, instance:com.training.testcases.loginTest@498d318c]" started-at="2024-04-16T20:23:15 EDT" name="teardown" finished-at="2024-04-16T20:23:15 EDT" duration-ms="259" status="PASS">
          <reporter-output>
          </reporter-output>
        </test-method> <!-- teardown -->
        <test-method is-config="true" signature="beforeMethod()[pri:0, instance:com.training.testcases.loginTest@498d318c]" started-at="2024-04-16T20:23:15 EDT" name="beforeMethod" finished-at="2024-04-16T20:23:17 EDT" duration-ms="1931" status="PASS">
          <reporter-output>
          </reporter-output>
        </test-method> <!-- beforeMethod -->
        <test-method signature="clickonusername()[pri:0, instance:com.training.testcases.loginTest@498d318c]" started-at="2024-04-16T20:23:17 EDT" name="clickonusername" finished-at="2024-04-16T20:23:21 EDT" duration-ms="3378" status="PASS">
          <reporter-output>
          </reporter-output>
        </test-method> <!-- clickonusername -->
        <test-method is-config="true" signature="teardown()[pri:0, instance:com.training.testcases.loginTest@498d318c]" started-at="2024-04-16T20:23:21 EDT" name="teardown" finished-at="2024-04-16T20:23:21 EDT" duration-ms="259" status="PASS">
          <reporter-output>
          </reporter-output>
        </test-method> <!-- teardown -->
        <test-method is-config="true" signature="beforeMethod()[pri:0, instance:com.training.testcases.loginTest@498d318c]" started-at="2024-04-16T20:23:21 EDT" name="beforeMethod" finished-at="2024-04-16T20:23:23 EDT" duration-ms="1698" status="PASS">
          <reporter-output>
          </reporter-output>
        </test-method> <!-- beforeMethod -->
        <test-method signature="forgotpassword()[pri:0, instance:com.training.testcases.loginTest@498d318c]" started-at="2024-04-16T20:23:23 EDT" name="forgotpassword" finished-at="2024-04-16T20:23:23 EDT" duration-ms="491" status="PASS">
          <reporter-output>
          </reporter-output>
        </test-method> <!-- forgotpassword -->
        <test-method is-config="true" signature="teardown()[pri:0, instance:com.training.testcases.loginTest@498d318c]" started-at="2024-04-16T20:23:23 EDT" name="teardown" finished-at="2024-04-16T20:23:23 EDT" duration-ms="263" status="PASS">
          <reporter-output>
          </reporter-output>
        </test-method> <!-- teardown -->
        <test-method is-config="true" signature="beforeMethod()[pri:0, instance:com.training.testcases.loginTest@498d318c]" started-at="2024-04-16T20:23:23 EDT" name="beforeMethod" finished-at="2024-04-16T20:23:25 EDT" duration-ms="1692" status="PASS">
          <reporter-output>
          </reporter-output>
        </test-method> <!-- beforeMethod -->
        <test-method signature="passwordInvalid()[pri:0, instance:com.training.testcases.loginTest@498d318c]" started-at="2024-04-16T20:23:25 EDT" name="passwordInvalid" finished-at="2024-04-16T20:23:26 EDT" duration-ms="647" status="PASS">
          <reporter-output>
          </reporter-output>
        </test-method> <!-- passwordInvalid -->
        <test-method is-config="true" signature="teardown()[pri:0, instance:com.training.testcases.loginTest@498d318c]" started-at="2024-04-16T20:23:26 EDT" name="teardown" finished-at="2024-04-16T20:23:26 EDT" duration-ms="372" status="PASS">
          <reporter-output>
          </reporter-output>
        </test-method> <!-- teardown -->
      </class> <!-- com.training.testcases.loginTest -->
    </test> <!-- Default test -->
  </suite> <!-- Default suite -->
</testng-results>
