<?xml version="1.0" encoding="UTF-8"?>
<!-- Generated by org.testng.reporters.JUnitXMLReporter -->
<testsuite ignored="0" hostname="LAPTOP-NO7ESUVE" failures="0" tests="3" name="Login" time="19.711" errors="0" timestamp="2024-03-29T13:19:00 EDT">
  <testcase classname="com.training.testcases.loginTest" name="Login" time="2.987"/>
  <testcase classname="com.training.testcases.TC1login" name="passwordInvalid" time="0.798"/>
  <testcase classname="com.training.testcases.TC3login" name="Remembercheckbox" time="5.012"/>
</testsuite> <!-- Login -->
